8.5838 	INFO 	Loaded monitor calibration from ['2024_12_12 23:48']
9.5398 	EXP 	Created window1 = Window(allowGUI=False, allowStencil=False, autoLog=True, backendConf=UNKNOWN, backgroundFit=<method-wrapper '__getattribute__' of attributeSetter object at 0x000001F398B4A910>, backgroundImage=<method-wrapper '__getattribute__' of attributeSetter object at 0x000001F398B4A8B0>, bitsMode=UNKNOWN, blendMode='avg', bpc=(8, 8, 8), color=array([0, 0, 0]), colorSpace='rgb', depthBits=8, fullscr=True, gamma=None, gammaErrorPolicy='raise', infoMsg=UNKNOWN, lms=UNKNOWN, monitor=<psychopy.monitors.calibTools.Monitor object at 0x000001F398C67FA0>, multiSample=False, name='window1', numSamples=2, pos=[0.0, 0.0], screen=0, size=array([1920, 1080]), stencilBits=0, stereo=False, title='PsychoPy', units='height', useFBO=True, useRetina=False, viewOri=0.0, viewPos=None, viewScale=None, waitBlanking=True, winType='pyglet')
9.5399 	EXP 	window1: backgroundImage = ''
9.5399 	EXP 	window1: backgroundFit = 'none'
9.6558 	EXP 	window1: Attempting to measure frame rate of screen (0) ...
9.6558 	EXP 	window1: recordFrameIntervals = False
9.8282 	EXP 	window1: recordFrameIntervals = True
10.0117 	EXP 	Screen (0) actual frame rate measured at 60.06Hz
10.0118 	EXP 	window1: recordFrameIntervals = False
12.2282 	INFO 	keyboard.Keyboard is using iohub backend.
12.2282 	INFO 	keyboard.Keyboard is using iohub backend.
12.2282 	EXP 	glasgowFaceRecognition-Yagmur: status = STARTED
12.6062 	EXP 	Created text = TextStim(__class__=<class 'psychopy.visual.text.TextStim'>, alignHoriz=method-wrapper(...), alignText='center', alignVert=method-wrapper(...), anchorHoriz='center', anchorVert='center', antialias=True, autoDraw=False, autoLog=True, bold=False, color=array([1., 1., 1.]), colorSpace='rgb', contrast=1.0, depth=0.0, draggable=False, flipHoriz=False, flipVert=False, font='Arial', fontFiles=[], height=0.05, italic=False, languageStyle='LTR', name='text', opacity=1, ori=0.0, pos=array([0., 0.]), rgb=UNKNOWN, text=str(...), units='height', win=Window(...), wrapWidth=1)
0.0058 	INFO 	Keyboard events cleared
0.0055 	EXP 	text: autoDraw = True
22.1881 	DATA 	Keypress: space
22.1897 	EXP 	text: autoDraw = False
22.1897 	EXP 	glasgowFaceRecognition-Yagmur: status = STOPPED
22.1910 	INFO 	saved data to 'C:\\Users\\duruk\\Desktop\\Odev\\StroopOdev\\glasgowFaceRecognition\\glasgowFaceRecognition-Yagmur\\data/163074___glasgowFaceRecognition-Yagmur_2024-12-26_08h27.39.525.csv'
22.1915 	INFO 	saved data to C:\Users\duruk\Desktop\Odev\StroopOdev\glasgowFaceRecognition\glasgowFaceRecognition-Yagmur\data/163074___glasgowFaceRecognition-Yagmur_2024-12-26_08h27.39.525.psydat
