8.9614 	INFO 	Loaded monitor calibration from ['2024_12_12 23:48']
9.8628 	EXP 	Created window1 = Window(allowGUI=False, allowStencil=False, autoLog=True, backendConf=UNKNOWN, backgroundFit=<method-wrapper '__getattribute__' of attributeSetter object at 0x000002035D6EC8B0>, backgroundImage=<method-wrapper '__getattribute__' of attributeSetter object at 0x000002035D6EC850>, bitsMode=UNKNOWN, blendMode='avg', bpc=(8, 8, 8), color=array([0, 0, 0]), colorSpace='rgb', depthBits=8, fullscr=True, gamma=None, gammaErrorPolicy='raise', infoMsg=UNKNOWN, lms=UNKNOWN, monitor=<psychopy.monitors.calibTools.Monitor object at 0x000002035D83BF40>, multiSample=False, name='window1', numSamples=2, pos=[0.0, 0.0], screen=0, size=array([1920, 1080]), stencilBits=0, stereo=False, title='PsychoPy', units='norm', useFBO=True, useRetina=False, viewOri=0.0, viewPos=None, viewScale=None, waitBlanking=True, winType='pyglet')
9.8628 	EXP 	window1: backgroundImage = ''
9.8629 	EXP 	window1: backgroundFit = 'none'
9.9741 	EXP 	window1: Attempting to measure frame rate of screen (0) ...
9.9742 	EXP 	window1: recordFrameIntervals = False
10.1467 	EXP 	window1: recordFrameIntervals = True
10.3301 	EXP 	Screen (0) actual frame rate measured at 60.02Hz
10.3302 	EXP 	window1: recordFrameIntervals = False
12.7496 	INFO 	keyboard.Keyboard is using iohub backend.
12.7497 	INFO 	keyboard.Keyboard is using iohub backend.
12.7497 	INFO 	keyboard.Keyboard is using iohub backend.
12.7497 	EXP 	glasgowFaceRecognition-Yagmur: status = STARTED
12.8250 	EXP 	Created text = TextStim(__class__=<class 'psychopy.visual.text.TextStim'>, alignHoriz=method-wrapper(...), alignText='center', alignVert=method-wrapper(...), anchorHoriz='center', anchorVert='center', antialias=True, autoDraw=False, autoLog=True, bold=False, color=array([1., 1., 1.]), colorSpace='rgb', contrast=1.0, depth=0.0, draggable=False, flipHoriz=False, flipVert=False, font='Arial', fontFiles=[], height=0.05, italic=False, languageStyle='LTR', name='text', opacity=1, ori=0.0, pos=array([0., 0.]), rgb=UNKNOWN, text=str(...), units='norm', win=Window(...), wrapWidth=1)
12.8297 	EXP 	Created same_text = TextStim(__class__=<class 'psychopy.visual.text.TextStim'>, alignHoriz=method-wrapper(...), alignText='center', alignVert=method-wrapper(...), anchorHoriz='center', anchorVert='center', antialias=True, autoDraw=False, autoLog=True, bold=False, color=array([1., 1., 1.]), colorSpace='rgb', contrast=1.0, depth=0.0, draggable=False, flipHoriz=False, flipVert=False, font='Arial', fontFiles=[], height=0.1, italic=False, languageStyle='LTR', name='same_text', opacity=1, ori=0.0, pos=array([-0.5, -0.8]), rgb=UNKNOWN, text='SAME', units='norm', win=Window(...), wrapWidth=1)
12.8347 	EXP 	Created different_text = TextStim(__class__=<class 'psychopy.visual.text.TextStim'>, alignHoriz=method-wrapper(...), alignText='center', alignVert=method-wrapper(...), anchorHoriz='center', anchorVert='center', antialias=True, autoDraw=False, autoLog=True, bold=False, color=array([1., 1., 1.]), colorSpace='rgb', contrast=1.0, depth=-1.0, draggable=False, flipHoriz=False, flipVert=False, font='Arial', fontFiles=[], height=0.1, italic=False, languageStyle='LTR', name='different_text', opacity=1, ori=0.0, pos=array([ 0.2, -0.8]), rgb=UNKNOWN, text='DIFFERENT', units='norm', win=Window(...), wrapWidth=1)
12.8383 	EXP 	Created image = ImageStim(__class__=<class 'psychopy.visual.image.ImageStim'>, anchor=('center', 'center'), autoLog=True, color=array([1., 1., 1.]), colorSpace='rgb', contrast=1.0, depth=-2.0, draggable=False, flipHoriz=False, flipVert=False, image='default.png', interpolate=True, mask=None, maskParams=None, name='image', opacity=1, ori=0.0, pos=array([0., 0.]), size=array([0.7, 0.7]), texRes=128.0, units='norm', win=Window(...))
12.8417 	EXP 	Created polygon = ShapeStim(__class__=<class 'psychopy.visual.shape.ShapeStim'>, anchor=('center', 'center'), autoDraw=False, autoLog=True, closeShape=True, color=method-wrapper(...), colorSpace='rgb', contrast=None, depth=-4.0, draggable=False, fillColor=array([1, 1, 1]), fillColorSpace='rgb', fillRGB=array([1, 1, 1]), interpolate=True, lineColor=array([1., 1., 1.]), lineColorSpace='rgb', lineRGB=array([1, 1, 1]), lineWidth=1.0, name='polygon', opacity=1, ori=270.0, pos=array([-0.2, -0.8]), size=array([0.2, 0.2]), units='norm', vertices=ndarray(...), win=Window(...), windingRule=None)
12.8488 	EXP 	Created thank_you_message = TextStim(__class__=<class 'psychopy.visual.text.TextStim'>, alignHoriz=method-wrapper(...), alignText='center', alignVert=method-wrapper(...), anchorHoriz='center', anchorVert='center', antialias=True, autoDraw=False, autoLog=True, bold=False, color=array([1., 1., 1.]), colorSpace='rgb', contrast=1.0, depth=0.0, draggable=False, flipHoriz=False, flipVert=False, font='Arial', fontFiles=[], height=0.05, italic=False, languageStyle='LTR', name='thank_you_message', opacity=1, ori=0.0, pos=array([0., 0.]), rgb=UNKNOWN, text=str(...), units='norm', win=Window(...), wrapWidth=1)
0.0090 	INFO 	Keyboard events cleared
0.0085 	EXP 	text: autoDraw = True
0.8818 	EXP 	Imported conditions.xlsx as conditions, 80 conditions, 4 params
0.8824 	EXP 	New trial (rep=0, index=0): <Trial 0 (0 in rep 0) data={'imageFile': 'same/020_C2_DV.jpg', 'corrAns': 'left', 'sameOrDiff': 'same', 'ori': 0, 'thisN': 0, 'thisTrialN': 0, 'thisRepN': 0}>
0.9377 	DATA 	Keypress: space
0.9445 	INFO 	Keyboard events cleared
0.9442 	EXP 	text: autoDraw = False
0.9442 	EXP 	image: image = 'same/020_C2_DV.jpg'
0.9442 	EXP 	same_text: autoDraw = True
0.9442 	EXP 	different_text: autoDraw = True
0.9442 	EXP 	image: autoDraw = True
0.9442 	EXP 	polygon: autoDraw = True
2.8990 	EXP 	New trial (rep=0, index=1): <Trial 1 (1 in rep 0) data={'imageFile': 'same/025_C2_DV.jpg', 'corrAns': 'left', 'sameOrDiff': 'same', 'ori': 0, 'thisN': 1, 'thisTrialN': 1, 'thisRepN': 0}>
2.9106 	DATA 	Keypress: left
2.9174 	INFO 	Keyboard events cleared
2.9171 	EXP 	same_text: autoDraw = False
2.9171 	EXP 	different_text: autoDraw = False
2.9171 	EXP 	image: autoDraw = False
2.9171 	EXP 	polygon: autoDraw = False
2.9171 	EXP 	image: image = 'same/025_C2_DV.jpg'
2.9171 	EXP 	same_text: autoDraw = True
2.9171 	EXP 	different_text: autoDraw = True
2.9171 	EXP 	image: autoDraw = True
2.9171 	EXP 	polygon: autoDraw = True
4.9656 	EXP 	New trial (rep=0, index=2): <Trial 2 (2 in rep 0) data={'imageFile': 'same/068_C2_DV.jpg', 'corrAns': 'left', 'sameOrDiff': 'same', 'ori': 0, 'thisN': 2, 'thisTrialN': 2, 'thisRepN': 0}>
4.9785 	DATA 	Keypress: right
4.9840 	INFO 	Keyboard events cleared
4.9837 	EXP 	same_text: autoDraw = False
4.9837 	EXP 	different_text: autoDraw = False
4.9837 	EXP 	image: autoDraw = False
4.9837 	EXP 	polygon: autoDraw = False
4.9837 	EXP 	image: image = 'same/068_C2_DV.jpg'
4.9837 	EXP 	same_text: autoDraw = True
4.9837 	EXP 	different_text: autoDraw = True
4.9837 	EXP 	image: autoDraw = True
4.9837 	EXP 	polygon: autoDraw = True
7.9987 	EXP 	New trial (rep=0, index=3): <Trial 3 (3 in rep 0) data={'imageFile': 'same/069_C2_DV.jpg', 'corrAns': 'left', 'sameOrDiff': 'same', 'ori': 0, 'thisN': 3, 'thisTrialN': 3, 'thisRepN': 0}>
8.0104 	DATA 	Keypress: left
8.0169 	INFO 	Keyboard events cleared
8.0165 	EXP 	same_text: autoDraw = False
8.0165 	EXP 	different_text: autoDraw = False
8.0165 	EXP 	image: autoDraw = False
8.0165 	EXP 	polygon: autoDraw = False
8.0165 	EXP 	image: image = 'same/069_C2_DV.jpg'
8.0165 	EXP 	same_text: autoDraw = True
8.0165 	EXP 	different_text: autoDraw = True
8.0165 	EXP 	image: autoDraw = True
8.0165 	EXP 	polygon: autoDraw = True
8.3150 	EXP 	New trial (rep=0, index=4): <Trial 4 (4 in rep 0) data={'imageFile': 'same/074_C2_DV.jpg', 'corrAns': 'left', 'sameOrDiff': 'same', 'ori': 0, 'thisN': 4, 'thisTrialN': 4, 'thisRepN': 0}>
8.3261 	DATA 	Keypress: right
8.3334 	INFO 	Keyboard events cleared
8.3330 	EXP 	same_text: autoDraw = False
8.3330 	EXP 	different_text: autoDraw = False
8.3330 	EXP 	image: autoDraw = False
8.3330 	EXP 	polygon: autoDraw = False
8.3330 	EXP 	image: image = 'same/074_C2_DV.jpg'
8.3330 	EXP 	same_text: autoDraw = True
8.3330 	EXP 	different_text: autoDraw = True
8.3330 	EXP 	image: autoDraw = True
8.3330 	EXP 	polygon: autoDraw = True
8.5985 	EXP 	New trial (rep=0, index=5): <Trial 5 (5 in rep 0) data={'imageFile': 'same/075_DV_C2.jpg', 'corrAns': 'left', 'sameOrDiff': 'same', 'ori': 0, 'thisN': 5, 'thisTrialN': 5, 'thisRepN': 0}>
8.6087 	DATA 	Keypress: left
8.6166 	INFO 	Keyboard events cleared
8.6162 	EXP 	same_text: autoDraw = False
8.6162 	EXP 	different_text: autoDraw = False
8.6162 	EXP 	image: autoDraw = False
8.6162 	EXP 	polygon: autoDraw = False
8.6162 	EXP 	image: image = 'same/075_DV_C2.jpg'
8.6162 	EXP 	same_text: autoDraw = True
8.6162 	EXP 	different_text: autoDraw = True
8.6162 	EXP 	image: autoDraw = True
8.6162 	EXP 	polygon: autoDraw = True
8.8485 	EXP 	New trial (rep=0, index=6): <Trial 6 (6 in rep 0) data={'imageFile': 'same/081_C2_DV.jpg', 'corrAns': 'left', 'sameOrDiff': 'same', 'ori': 0, 'thisN': 6, 'thisTrialN': 6, 'thisRepN': 0}>
8.8618 	DATA 	Keypress: right
8.8673 	INFO 	Keyboard events cleared
8.8669 	EXP 	same_text: autoDraw = False
8.8669 	EXP 	different_text: autoDraw = False
8.8669 	EXP 	image: autoDraw = False
8.8669 	EXP 	polygon: autoDraw = False
8.8669 	EXP 	image: image = 'same/081_C2_DV.jpg'
8.8669 	EXP 	same_text: autoDraw = True
8.8669 	EXP 	different_text: autoDraw = True
8.8669 	EXP 	image: autoDraw = True
8.8669 	EXP 	polygon: autoDraw = True
9.4149 	EXP 	New trial (rep=0, index=7): <Trial 7 (7 in rep 0) data={'imageFile': 'same/085_C2_DV.jpg', 'corrAns': 'left', 'sameOrDiff': 'same', 'ori': 0, 'thisN': 7, 'thisTrialN': 7, 'thisRepN': 0}>
9.4268 	DATA 	Keypress: left
9.4332 	INFO 	Keyboard events cleared
9.4328 	EXP 	same_text: autoDraw = False
9.4328 	EXP 	different_text: autoDraw = False
9.4328 	EXP 	image: autoDraw = False
9.4328 	EXP 	polygon: autoDraw = False
9.4328 	EXP 	image: image = 'same/085_C2_DV.jpg'
9.4328 	EXP 	same_text: autoDraw = True
9.4328 	EXP 	different_text: autoDraw = True
9.4328 	EXP 	image: autoDraw = True
9.4328 	EXP 	polygon: autoDraw = True
9.7152 	EXP 	New trial (rep=0, index=8): <Trial 8 (8 in rep 0) data={'imageFile': 'same/092_C2_DV.jpg', 'corrAns': 'left', 'sameOrDiff': 'same', 'ori': 0, 'thisN': 8, 'thisTrialN': 8, 'thisRepN': 0}>
9.7264 	DATA 	Keypress: right
9.7330 	INFO 	Keyboard events cleared
9.7326 	EXP 	same_text: autoDraw = False
9.7326 	EXP 	different_text: autoDraw = False
9.7326 	EXP 	image: autoDraw = False
9.7326 	EXP 	polygon: autoDraw = False
9.7326 	EXP 	image: image = 'same/092_C2_DV.jpg'
9.7326 	EXP 	same_text: autoDraw = True
9.7326 	EXP 	different_text: autoDraw = True
9.7326 	EXP 	image: autoDraw = True
9.7326 	EXP 	polygon: autoDraw = True
10.0148 	EXP 	New trial (rep=0, index=9): <Trial 9 (9 in rep 0) data={'imageFile': 'same/102_C2_DV.jpg', 'corrAns': 'left', 'sameOrDiff': 'same', 'ori': 0, 'thisN': 9, 'thisTrialN': 9, 'thisRepN': 0}>
10.0252 	DATA 	Keypress: left
10.0332 	INFO 	Keyboard events cleared
10.0328 	EXP 	same_text: autoDraw = False
10.0328 	EXP 	different_text: autoDraw = False
10.0328 	EXP 	image: autoDraw = False
10.0328 	EXP 	polygon: autoDraw = False
10.0328 	EXP 	image: image = 'same/102_C2_DV.jpg'
10.0328 	EXP 	same_text: autoDraw = True
10.0328 	EXP 	different_text: autoDraw = True
10.0328 	EXP 	image: autoDraw = True
10.0328 	EXP 	polygon: autoDraw = True
10.2149 	EXP 	New trial (rep=0, index=10): <Trial 10 (10 in rep 0) data={'imageFile': 'same/108_DV_C2.jpg', 'corrAns': 'left', 'sameOrDiff': 'same', 'ori': 0, 'thisN': 10, 'thisTrialN': 10, 'thisRepN': 0}>
10.2264 	DATA 	Keypress: right
10.2328 	INFO 	Keyboard events cleared
10.2324 	EXP 	same_text: autoDraw = False
10.2324 	EXP 	different_text: autoDraw = False
10.2324 	EXP 	image: autoDraw = False
10.2324 	EXP 	polygon: autoDraw = False
10.2324 	EXP 	image: image = 'same/108_DV_C2.jpg'
10.2324 	EXP 	same_text: autoDraw = True
10.2324 	EXP 	different_text: autoDraw = True
10.2324 	EXP 	image: autoDraw = True
10.2324 	EXP 	polygon: autoDraw = True
10.7146 	EXP 	New trial (rep=0, index=11): <Trial 11 (11 in rep 0) data={'imageFile': 'same/115_C2_DV.jpg', 'corrAns': 'left', 'sameOrDiff': 'same', 'ori': 0, 'thisN': 11, 'thisTrialN': 11, 'thisRepN': 0}>
10.7255 	DATA 	Keypress: left
10.7330 	INFO 	Keyboard events cleared
10.7326 	EXP 	same_text: autoDraw = False
10.7326 	EXP 	different_text: autoDraw = False
10.7326 	EXP 	image: autoDraw = False
10.7326 	EXP 	polygon: autoDraw = False
10.7326 	EXP 	image: image = 'same/115_C2_DV.jpg'
10.7326 	EXP 	same_text: autoDraw = True
10.7326 	EXP 	different_text: autoDraw = True
10.7326 	EXP 	image: autoDraw = True
10.7326 	EXP 	polygon: autoDraw = True
10.9815 	EXP 	New trial (rep=0, index=12): <Trial 12 (12 in rep 0) data={'imageFile': 'same/120_DV_C2.jpg', 'corrAns': 'left', 'sameOrDiff': 'same', 'ori': 0, 'thisN': 12, 'thisTrialN': 12, 'thisRepN': 0}>
10.9923 	DATA 	Keypress: right
10.9997 	INFO 	Keyboard events cleared
10.9993 	EXP 	same_text: autoDraw = False
10.9993 	EXP 	different_text: autoDraw = False
10.9993 	EXP 	image: autoDraw = False
10.9993 	EXP 	polygon: autoDraw = False
10.9993 	EXP 	image: image = 'same/120_DV_C2.jpg'
10.9993 	EXP 	same_text: autoDraw = True
10.9993 	EXP 	different_text: autoDraw = True
10.9993 	EXP 	image: autoDraw = True
10.9993 	EXP 	polygon: autoDraw = True
11.1646 	EXP 	New trial (rep=0, index=13): <Trial 13 (13 in rep 0) data={'imageFile': 'same/129_C2_DV.jpg', 'corrAns': 'left', 'sameOrDiff': 'same', 'ori': 0, 'thisN': 13, 'thisTrialN': 13, 'thisRepN': 0}>
11.1747 	DATA 	Keypress: left
11.1827 	INFO 	Keyboard events cleared
11.1823 	EXP 	same_text: autoDraw = False
11.1823 	EXP 	different_text: autoDraw = False
11.1823 	EXP 	image: autoDraw = False
11.1823 	EXP 	polygon: autoDraw = False
11.1823 	EXP 	image: image = 'same/129_C2_DV.jpg'
11.1823 	EXP 	same_text: autoDraw = True
11.1823 	EXP 	different_text: autoDraw = True
11.1823 	EXP 	image: autoDraw = True
11.1823 	EXP 	polygon: autoDraw = True
11.3146 	EXP 	New trial (rep=0, index=14): <Trial 14 (14 in rep 0) data={'imageFile': 'same/136_C2_DV.jpg', 'corrAns': 'left', 'sameOrDiff': 'same', 'ori': 0, 'thisN': 14, 'thisTrialN': 14, 'thisRepN': 0}>
11.3254 	DATA 	Keypress: right
11.3329 	INFO 	Keyboard events cleared
11.3326 	EXP 	same_text: autoDraw = False
11.3326 	EXP 	different_text: autoDraw = False
11.3326 	EXP 	image: autoDraw = False
11.3326 	EXP 	polygon: autoDraw = False
11.3326 	EXP 	image: image = 'same/136_C2_DV.jpg'
11.3326 	EXP 	same_text: autoDraw = True
11.3326 	EXP 	different_text: autoDraw = True
11.3326 	EXP 	image: autoDraw = True
11.3326 	EXP 	polygon: autoDraw = True
11.5814 	EXP 	New trial (rep=0, index=15): <Trial 15 (15 in rep 0) data={'imageFile': 'same/139_DV_C2.jpg', 'corrAns': 'left', 'sameOrDiff': 'same', 'ori': 0, 'thisN': 15, 'thisTrialN': 15, 'thisRepN': 0}>
11.5918 	DATA 	Keypress: left
11.5993 	INFO 	Keyboard events cleared
11.5990 	EXP 	same_text: autoDraw = False
11.5990 	EXP 	different_text: autoDraw = False
11.5990 	EXP 	image: autoDraw = False
11.5990 	EXP 	polygon: autoDraw = False
11.5990 	EXP 	image: image = 'same/139_DV_C2.jpg'
11.5990 	EXP 	same_text: autoDraw = True
11.5990 	EXP 	different_text: autoDraw = True
11.5990 	EXP 	image: autoDraw = True
11.5990 	EXP 	polygon: autoDraw = True
11.7315 	EXP 	New trial (rep=0, index=16): <Trial 16 (16 in rep 0) data={'imageFile': 'same/168_C2_DV.jpg', 'corrAns': 'left', 'sameOrDiff': 'same', 'ori': 0, 'thisN': 16, 'thisTrialN': 16, 'thisRepN': 0}>
11.7419 	DATA 	Keypress: right
11.7493 	INFO 	Keyboard events cleared
11.7490 	EXP 	same_text: autoDraw = False
11.7490 	EXP 	different_text: autoDraw = False
11.7490 	EXP 	image: autoDraw = False
11.7490 	EXP 	polygon: autoDraw = False
11.7490 	EXP 	image: image = 'same/168_C2_DV.jpg'
11.7490 	EXP 	same_text: autoDraw = True
11.7490 	EXP 	different_text: autoDraw = True
11.7490 	EXP 	image: autoDraw = True
11.7490 	EXP 	polygon: autoDraw = True
11.8478 	EXP 	New trial (rep=0, index=17): <Trial 17 (17 in rep 0) data={'imageFile': 'same/170_DV_C2.jpg', 'corrAns': 'left', 'sameOrDiff': 'same', 'ori': 0, 'thisN': 17, 'thisTrialN': 17, 'thisRepN': 0}>
11.8584 	DATA 	Keypress: left
11.8662 	INFO 	Keyboard events cleared
11.8659 	EXP 	same_text: autoDraw = False
11.8659 	EXP 	different_text: autoDraw = False
11.8659 	EXP 	image: autoDraw = False
11.8659 	EXP 	polygon: autoDraw = False
11.8659 	EXP 	image: image = 'same/170_DV_C2.jpg'
11.8659 	EXP 	same_text: autoDraw = True
11.8659 	EXP 	different_text: autoDraw = True
11.8659 	EXP 	image: autoDraw = True
11.8659 	EXP 	polygon: autoDraw = True
11.9145 	EXP 	New trial (rep=0, index=18): <Trial 18 (18 in rep 0) data={'imageFile': 'same/235_C2_DV.jpg', 'corrAns': 'left', 'sameOrDiff': 'same', 'ori': 0, 'thisN': 18, 'thisTrialN': 18, 'thisRepN': 0}>
11.9249 	DATA 	Keypress: right
11.9329 	INFO 	Keyboard events cleared
11.9326 	EXP 	same_text: autoDraw = False
11.9326 	EXP 	different_text: autoDraw = False
11.9326 	EXP 	image: autoDraw = False
11.9326 	EXP 	polygon: autoDraw = False
11.9326 	EXP 	image: image = 'same/235_C2_DV.jpg'
11.9326 	EXP 	same_text: autoDraw = True
11.9326 	EXP 	different_text: autoDraw = True
11.9326 	EXP 	image: autoDraw = True
11.9326 	EXP 	polygon: autoDraw = True
12.0313 	EXP 	New trial (rep=0, index=19): <Trial 19 (19 in rep 0) data={'imageFile': 'same/303_DV_C2.jpg', 'corrAns': 'left', 'sameOrDiff': 'same', 'ori': 0, 'thisN': 19, 'thisTrialN': 19, 'thisRepN': 0}>
12.0417 	DATA 	Keypress: left
12.0497 	INFO 	Keyboard events cleared
12.0493 	EXP 	same_text: autoDraw = False
12.0493 	EXP 	different_text: autoDraw = False
12.0493 	EXP 	image: autoDraw = False
12.0493 	EXP 	polygon: autoDraw = False
12.0493 	EXP 	image: image = 'same/303_DV_C2.jpg'
12.0493 	EXP 	same_text: autoDraw = True
12.0493 	EXP 	different_text: autoDraw = True
12.0493 	EXP 	image: autoDraw = True
12.0493 	EXP 	polygon: autoDraw = True
12.1482 	EXP 	New trial (rep=0, index=20): <Trial 20 (20 in rep 0) data={'imageFile': 'different/013_235_R.jpg', 'corrAns': 'right', 'sameOrDiff': 'different', 'ori': 0, 'thisN': 20, 'thisTrialN': 20, 'thisRepN': 0}>
12.1650 	DATA 	Keypress: right
12.1700 	INFO 	Keyboard events cleared
12.1697 	EXP 	same_text: autoDraw = False
12.1697 	EXP 	different_text: autoDraw = False
12.1697 	EXP 	image: autoDraw = False
12.1697 	EXP 	polygon: autoDraw = False
12.1697 	EXP 	image: image = 'different/013_235_R.jpg'
12.1697 	EXP 	same_text: autoDraw = True
12.1697 	EXP 	different_text: autoDraw = True
12.1697 	EXP 	image: autoDraw = True
12.1697 	EXP 	polygon: autoDraw = True
12.2473 	EXP 	New trial (rep=0, index=21): <Trial 21 (21 in rep 0) data={'imageFile': 'different/019_074_L.jpg', 'corrAns': 'right', 'sameOrDiff': 'different', 'ori': 0, 'thisN': 21, 'thisTrialN': 21, 'thisRepN': 0}>
12.2573 	DATA 	Keypress: left
12.2634 	INFO 	Keyboard events cleared
12.2631 	EXP 	same_text: autoDraw = False
12.2631 	EXP 	different_text: autoDraw = False
12.2631 	EXP 	image: autoDraw = False
12.2631 	EXP 	polygon: autoDraw = False
12.2631 	EXP 	image: image = 'different/019_074_L.jpg'
12.2631 	EXP 	same_text: autoDraw = True
12.2631 	EXP 	different_text: autoDraw = True
12.2631 	EXP 	image: autoDraw = True
12.2631 	EXP 	polygon: autoDraw = True
12.4139 	EXP 	New trial (rep=0, index=22): <Trial 22 (22 in rep 0) data={'imageFile': 'different/025_235_L.jpg', 'corrAns': 'right', 'sameOrDiff': 'different', 'ori': 0, 'thisN': 22, 'thisTrialN': 22, 'thisRepN': 0}>
12.4242 	DATA 	Keypress: right
12.4301 	INFO 	Keyboard events cleared
12.4297 	EXP 	same_text: autoDraw = False
12.4297 	EXP 	different_text: autoDraw = False
12.4297 	EXP 	image: autoDraw = False
12.4297 	EXP 	polygon: autoDraw = False
12.4297 	EXP 	image: image = 'different/025_235_L.jpg'
12.4297 	EXP 	same_text: autoDraw = True
12.4297 	EXP 	different_text: autoDraw = True
12.4297 	EXP 	image: autoDraw = True
12.4297 	EXP 	polygon: autoDraw = True
12.4806 	EXP 	New trial (rep=0, index=23): <Trial 23 (23 in rep 0) data={'imageFile': 'different/049_218_L.jpg', 'corrAns': 'right', 'sameOrDiff': 'different', 'ori': 0, 'thisN': 23, 'thisTrialN': 23, 'thisRepN': 0}>
12.4907 	DATA 	Keypress: left
12.4968 	INFO 	Keyboard events cleared
12.4965 	EXP 	same_text: autoDraw = False
12.4965 	EXP 	different_text: autoDraw = False
12.4965 	EXP 	image: autoDraw = False
12.4965 	EXP 	polygon: autoDraw = False
12.4965 	EXP 	image: image = 'different/049_218_L.jpg'
12.4965 	EXP 	same_text: autoDraw = True
12.4965 	EXP 	different_text: autoDraw = True
12.4965 	EXP 	image: autoDraw = True
12.4965 	EXP 	polygon: autoDraw = True
12.5808 	EXP 	New trial (rep=0, index=24): <Trial 24 (24 in rep 0) data={'imageFile': 'different/076_109_R.jpg', 'corrAns': 'right', 'sameOrDiff': 'different', 'ori': 0, 'thisN': 24, 'thisTrialN': 24, 'thisRepN': 0}>
12.5909 	DATA 	Keypress: right
12.5968 	INFO 	Keyboard events cleared
12.5964 	EXP 	same_text: autoDraw = False
12.5964 	EXP 	different_text: autoDraw = False
12.5964 	EXP 	image: autoDraw = False
12.5964 	EXP 	polygon: autoDraw = False
12.5964 	EXP 	image: image = 'different/076_109_R.jpg'
12.5964 	EXP 	same_text: autoDraw = True
12.5964 	EXP 	different_text: autoDraw = True
12.5964 	EXP 	image: autoDraw = True
12.5964 	EXP 	polygon: autoDraw = True
12.6977 	EXP 	New trial (rep=0, index=25): <Trial 25 (25 in rep 0) data={'imageFile': 'different/077_133_R.jpg', 'corrAns': 'right', 'sameOrDiff': 'different', 'ori': 0, 'thisN': 25, 'thisTrialN': 25, 'thisRepN': 0}>
12.7093 	DATA 	Keypress: left
12.7133 	INFO 	Keyboard events cleared
12.7129 	EXP 	same_text: autoDraw = False
12.7129 	EXP 	different_text: autoDraw = False
12.7129 	EXP 	image: autoDraw = False
12.7129 	EXP 	polygon: autoDraw = False
12.7129 	EXP 	image: image = 'different/077_133_R.jpg'
12.7129 	EXP 	same_text: autoDraw = True
12.7129 	EXP 	different_text: autoDraw = True
12.7129 	EXP 	image: autoDraw = True
12.7129 	EXP 	polygon: autoDraw = True
12.8805 	EXP 	New trial (rep=0, index=26): <Trial 26 (26 in rep 0) data={'imageFile': 'different/091_283_R.jpg', 'corrAns': 'right', 'sameOrDiff': 'different', 'ori': 0, 'thisN': 26, 'thisTrialN': 26, 'thisRepN': 0}>
12.8913 	DATA 	Keypress: right
12.8966 	INFO 	Keyboard events cleared
12.8962 	EXP 	same_text: autoDraw = False
12.8962 	EXP 	different_text: autoDraw = False
12.8962 	EXP 	image: autoDraw = False
12.8962 	EXP 	polygon: autoDraw = False
12.8962 	EXP 	image: image = 'different/091_283_R.jpg'
12.8962 	EXP 	same_text: autoDraw = True
12.8962 	EXP 	different_text: autoDraw = True
12.8962 	EXP 	image: autoDraw = True
12.8962 	EXP 	polygon: autoDraw = True
12.9307 	DATA 	Keypress: left
12.9483 	EXP 	New trial (rep=0, index=27): <Trial 27 (27 in rep 0) data={'imageFile': 'different/092_283_L.jpg', 'corrAns': 'right', 'sameOrDiff': 'different', 'ori': 0, 'thisN': 27, 'thisTrialN': 27, 'thisRepN': 0}>
12.9632 	INFO 	Keyboard events cleared
12.9629 	EXP 	same_text: autoDraw = False
12.9629 	EXP 	different_text: autoDraw = False
12.9629 	EXP 	image: autoDraw = False
12.9629 	EXP 	polygon: autoDraw = False
12.9629 	EXP 	image: image = 'different/092_283_L.jpg'
12.9629 	EXP 	same_text: autoDraw = True
12.9629 	EXP 	different_text: autoDraw = True
12.9629 	EXP 	image: autoDraw = True
12.9629 	EXP 	polygon: autoDraw = True
13.1140 	EXP 	New trial (rep=0, index=28): <Trial 28 (28 in rep 0) data={'imageFile': 'different/102_224_R.jpg', 'corrAns': 'right', 'sameOrDiff': 'different', 'ori': 0, 'thisN': 28, 'thisTrialN': 28, 'thisRepN': 0}>
13.1240 	DATA 	Keypress: right
13.1297 	INFO 	Keyboard events cleared
13.1293 	EXP 	same_text: autoDraw = False
13.1293 	EXP 	different_text: autoDraw = False
13.1293 	EXP 	image: autoDraw = False
13.1293 	EXP 	polygon: autoDraw = False
13.1293 	EXP 	image: image = 'different/102_224_R.jpg'
13.1293 	EXP 	same_text: autoDraw = True
13.1293 	EXP 	different_text: autoDraw = True
13.1293 	EXP 	image: autoDraw = True
13.1293 	EXP 	polygon: autoDraw = True
13.2471 	EXP 	New trial (rep=0, index=29): <Trial 29 (29 in rep 0) data={'imageFile': 'different/106_224_L.jpg', 'corrAns': 'right', 'sameOrDiff': 'different', 'ori': 0, 'thisN': 29, 'thisTrialN': 29, 'thisRepN': 0}>
13.2578 	DATA 	Keypress: left
13.2633 	INFO 	Keyboard events cleared
13.2629 	EXP 	same_text: autoDraw = False
13.2629 	EXP 	different_text: autoDraw = False
13.2629 	EXP 	image: autoDraw = False
13.2629 	EXP 	polygon: autoDraw = False
13.2629 	EXP 	image: image = 'different/106_224_L.jpg'
13.2629 	EXP 	same_text: autoDraw = True
13.2629 	EXP 	different_text: autoDraw = True
13.2629 	EXP 	image: autoDraw = True
13.2629 	EXP 	polygon: autoDraw = True
13.3305 	EXP 	New trial (rep=0, index=30): <Trial 30 (30 in rep 0) data={'imageFile': 'different/116_067_R.jpg', 'corrAns': 'right', 'sameOrDiff': 'different', 'ori': 0, 'thisN': 30, 'thisTrialN': 30, 'thisRepN': 0}>
13.3405 	DATA 	Keypress: right
13.3466 	INFO 	Keyboard events cleared
13.3462 	EXP 	same_text: autoDraw = False
13.3462 	EXP 	different_text: autoDraw = False
13.3462 	EXP 	image: autoDraw = False
13.3462 	EXP 	polygon: autoDraw = False
13.3462 	EXP 	image: image = 'different/116_067_R.jpg'
13.3462 	EXP 	same_text: autoDraw = True
13.3462 	EXP 	different_text: autoDraw = True
13.3462 	EXP 	image: autoDraw = True
13.3462 	EXP 	polygon: autoDraw = True
19.7802 	EXP 	New trial (rep=0, index=31): <Trial 31 (31 in rep 0) data={'imageFile': 'different/120_133_R.jpg', 'corrAns': 'right', 'sameOrDiff': 'different', 'ori': 0, 'thisN': 31, 'thisTrialN': 31, 'thisRepN': 0}>
19.7913 	DATA 	Keypress: right
19.7957 	INFO 	Keyboard events cleared
19.7954 	EXP 	same_text: autoDraw = False
19.7954 	EXP 	different_text: autoDraw = False
19.7954 	EXP 	image: autoDraw = False
19.7954 	EXP 	polygon: autoDraw = False
19.7954 	EXP 	image: image = 'different/120_133_R.jpg'
19.7954 	EXP 	same_text: autoDraw = True
19.7954 	EXP 	different_text: autoDraw = True
19.7954 	EXP 	image: autoDraw = True
19.7954 	EXP 	polygon: autoDraw = True
19.9799 	EXP 	New trial (rep=0, index=32): <Trial 32 (32 in rep 0) data={'imageFile': 'different/132_210_R.jpg', 'corrAns': 'right', 'sameOrDiff': 'different', 'ori': 0, 'thisN': 32, 'thisTrialN': 32, 'thisRepN': 0}>
19.9941 	DATA 	Keypress: right
19.9965 	INFO 	Keyboard events cleared
19.9962 	EXP 	same_text: autoDraw = False
19.9962 	EXP 	different_text: autoDraw = False
19.9962 	EXP 	image: autoDraw = False
19.9962 	EXP 	polygon: autoDraw = False
19.9962 	EXP 	image: image = 'different/132_210_R.jpg'
19.9962 	EXP 	same_text: autoDraw = True
19.9962 	EXP 	different_text: autoDraw = True
19.9962 	EXP 	image: autoDraw = True
19.9962 	EXP 	polygon: autoDraw = True
20.2301 	EXP 	New trial (rep=0, index=33): <Trial 33 (33 in rep 0) data={'imageFile': 'different/143_254_R.jpg', 'corrAns': 'right', 'sameOrDiff': 'different', 'ori': 0, 'thisN': 33, 'thisTrialN': 33, 'thisRepN': 0}>
20.2422 	DATA 	Keypress: right
20.2456 	INFO 	Keyboard events cleared
20.2452 	EXP 	same_text: autoDraw = False
20.2452 	EXP 	different_text: autoDraw = False
20.2452 	EXP 	image: autoDraw = False
20.2452 	EXP 	polygon: autoDraw = False
20.2452 	EXP 	image: image = 'different/143_254_R.jpg'
20.2452 	EXP 	same_text: autoDraw = True
20.2452 	EXP 	different_text: autoDraw = True
20.2452 	EXP 	image: autoDraw = True
20.2452 	EXP 	polygon: autoDraw = True
20.3799 	EXP 	New trial (rep=0, index=34): <Trial 34 (34 in rep 0) data={'imageFile': 'different/209_224_R.jpg', 'corrAns': 'right', 'sameOrDiff': 'different', 'ori': 0, 'thisN': 34, 'thisTrialN': 34, 'thisRepN': 0}>
20.3903 	DATA 	Keypress: right
20.3954 	INFO 	Keyboard events cleared
20.3951 	EXP 	same_text: autoDraw = False
20.3951 	EXP 	different_text: autoDraw = False
20.3951 	EXP 	image: autoDraw = False
20.3951 	EXP 	polygon: autoDraw = False
20.3951 	EXP 	image: image = 'different/209_224_R.jpg'
20.3951 	EXP 	same_text: autoDraw = True
20.3951 	EXP 	different_text: autoDraw = True
20.3951 	EXP 	image: autoDraw = True
20.3951 	EXP 	polygon: autoDraw = True
20.7627 	EXP 	New trial (rep=0, index=35): <Trial 35 (35 in rep 0) data={'imageFile': 'different/254_287_L.jpg', 'corrAns': 'right', 'sameOrDiff': 'different', 'ori': 0, 'thisN': 35, 'thisTrialN': 35, 'thisRepN': 0}>
20.7726 	DATA 	Keypress: right
20.7788 	INFO 	Keyboard events cleared
20.7785 	EXP 	same_text: autoDraw = False
20.7785 	EXP 	different_text: autoDraw = False
20.7785 	EXP 	image: autoDraw = False
20.7785 	EXP 	polygon: autoDraw = False
20.7785 	EXP 	image: image = 'different/254_287_L.jpg'
20.7785 	EXP 	same_text: autoDraw = True
20.7785 	EXP 	different_text: autoDraw = True
20.7785 	EXP 	image: autoDraw = True
20.7785 	EXP 	polygon: autoDraw = True
20.9463 	EXP 	New trial (rep=0, index=36): <Trial 36 (36 in rep 0) data={'imageFile': 'different/261_254_L.jpg', 'corrAns': 'right', 'sameOrDiff': 'different', 'ori': 0, 'thisN': 36, 'thisTrialN': 36, 'thisRepN': 0}>
20.9574 	DATA 	Keypress: right
20.9620 	INFO 	Keyboard events cleared
20.9616 	EXP 	same_text: autoDraw = False
20.9616 	EXP 	different_text: autoDraw = False
20.9616 	EXP 	image: autoDraw = False
20.9616 	EXP 	polygon: autoDraw = False
20.9616 	EXP 	image: image = 'different/261_254_L.jpg'
20.9616 	EXP 	same_text: autoDraw = True
20.9616 	EXP 	different_text: autoDraw = True
20.9616 	EXP 	image: autoDraw = True
20.9616 	EXP 	polygon: autoDraw = True
21.1294 	EXP 	New trial (rep=0, index=37): <Trial 37 (37 in rep 0) data={'imageFile': 'different/282_108_R.jpg', 'corrAns': 'right', 'sameOrDiff': 'different', 'ori': 0, 'thisN': 37, 'thisTrialN': 37, 'thisRepN': 0}>
21.1394 	DATA 	Keypress: right
21.1455 	INFO 	Keyboard events cleared
21.1451 	EXP 	same_text: autoDraw = False
21.1451 	EXP 	different_text: autoDraw = False
21.1451 	EXP 	image: autoDraw = False
21.1451 	EXP 	polygon: autoDraw = False
21.1451 	EXP 	image: image = 'different/282_108_R.jpg'
21.1451 	EXP 	same_text: autoDraw = True
21.1451 	EXP 	different_text: autoDraw = True
21.1451 	EXP 	image: autoDraw = True
21.1451 	EXP 	polygon: autoDraw = True
21.2960 	EXP 	New trial (rep=0, index=38): <Trial 38 (38 in rep 0) data={'imageFile': 'different/296_235_L.jpg', 'corrAns': 'right', 'sameOrDiff': 'different', 'ori': 0, 'thisN': 38, 'thisTrialN': 38, 'thisRepN': 0}>
21.3059 	DATA 	Keypress: right
21.3123 	INFO 	Keyboard events cleared
21.3119 	EXP 	same_text: autoDraw = False
21.3119 	EXP 	different_text: autoDraw = False
21.3119 	EXP 	image: autoDraw = False
21.3119 	EXP 	polygon: autoDraw = False
21.3119 	EXP 	image: image = 'different/296_235_L.jpg'
21.3119 	EXP 	same_text: autoDraw = True
21.3119 	EXP 	different_text: autoDraw = True
21.3119 	EXP 	image: autoDraw = True
21.3119 	EXP 	polygon: autoDraw = True
21.6794 	EXP 	New trial (rep=0, index=39): <Trial 39 (39 in rep 0) data={'imageFile': 'different/303_037_R.jpg', 'corrAns': 'right', 'sameOrDiff': 'different', 'ori': 0, 'thisN': 39, 'thisTrialN': 39, 'thisRepN': 0}>
21.6910 	DATA 	Keypress: right
21.6952 	INFO 	Keyboard events cleared
21.6949 	EXP 	same_text: autoDraw = False
21.6949 	EXP 	different_text: autoDraw = False
21.6949 	EXP 	image: autoDraw = False
21.6949 	EXP 	polygon: autoDraw = False
21.6949 	EXP 	image: image = 'different/303_037_R.jpg'
21.6949 	EXP 	same_text: autoDraw = True
21.6949 	EXP 	different_text: autoDraw = True
21.6949 	EXP 	image: autoDraw = True
21.6949 	EXP 	polygon: autoDraw = True
21.9129 	EXP 	New trial (rep=0, index=40): <Trial 40 (40 in rep 0) data={'imageFile': 'same/020_C2_DV.jpg', 'corrAns': 'left', 'sameOrDiff': 'same', 'ori': 180, 'thisN': 40, 'thisTrialN': 40, 'thisRepN': 0}>
21.9266 	DATA 	Keypress: right
21.9331 	INFO 	Keyboard events cleared
21.9328 	EXP 	same_text: autoDraw = False
21.9328 	EXP 	different_text: autoDraw = False
21.9328 	EXP 	image: autoDraw = False
21.9328 	EXP 	polygon: autoDraw = False
21.9328 	EXP 	image: image = 'same/020_C2_DV.jpg'
21.9328 	EXP 	same_text: autoDraw = True
21.9328 	EXP 	different_text: autoDraw = True
21.9328 	EXP 	image: autoDraw = True
21.9328 	EXP 	polygon: autoDraw = True
22.0630 	EXP 	New trial (rep=0, index=41): <Trial 41 (41 in rep 0) data={'imageFile': 'same/025_C2_DV.jpg', 'corrAns': 'left', 'sameOrDiff': 'same', 'ori': 180, 'thisN': 41, 'thisTrialN': 41, 'thisRepN': 0}>
22.0732 	DATA 	Keypress: right
22.0814 	INFO 	Keyboard events cleared
22.0811 	EXP 	same_text: autoDraw = False
22.0811 	EXP 	different_text: autoDraw = False
22.0811 	EXP 	image: autoDraw = False
22.0811 	EXP 	polygon: autoDraw = False
22.0811 	EXP 	image: image = 'same/025_C2_DV.jpg'
22.0811 	EXP 	same_text: autoDraw = True
22.0811 	EXP 	different_text: autoDraw = True
22.0811 	EXP 	image: autoDraw = True
22.0811 	EXP 	polygon: autoDraw = True
22.2633 	EXP 	New trial (rep=0, index=42): <Trial 42 (42 in rep 0) data={'imageFile': 'same/068_C2_DV.jpg', 'corrAns': 'left', 'sameOrDiff': 'same', 'ori': 180, 'thisN': 42, 'thisTrialN': 42, 'thisRepN': 0}>
22.2741 	DATA 	Keypress: right
22.2815 	INFO 	Keyboard events cleared
22.2811 	EXP 	same_text: autoDraw = False
22.2811 	EXP 	different_text: autoDraw = False
22.2811 	EXP 	image: autoDraw = False
22.2811 	EXP 	polygon: autoDraw = False
22.2811 	EXP 	image: image = 'same/068_C2_DV.jpg'
22.2811 	EXP 	same_text: autoDraw = True
22.2811 	EXP 	different_text: autoDraw = True
22.2811 	EXP 	image: autoDraw = True
22.2811 	EXP 	polygon: autoDraw = True
22.5134 	EXP 	New trial (rep=0, index=43): <Trial 43 (43 in rep 0) data={'imageFile': 'same/069_C2_DV.jpg', 'corrAns': 'left', 'sameOrDiff': 'same', 'ori': 180, 'thisN': 43, 'thisTrialN': 43, 'thisRepN': 0}>
22.5243 	DATA 	Keypress: right
22.5317 	INFO 	Keyboard events cleared
22.5313 	EXP 	same_text: autoDraw = False
22.5313 	EXP 	different_text: autoDraw = False
22.5313 	EXP 	image: autoDraw = False
22.5313 	EXP 	polygon: autoDraw = False
22.5313 	EXP 	image: image = 'same/069_C2_DV.jpg'
22.5313 	EXP 	same_text: autoDraw = True
22.5313 	EXP 	different_text: autoDraw = True
22.5313 	EXP 	image: autoDraw = True
22.5313 	EXP 	polygon: autoDraw = True
22.6796 	EXP 	New trial (rep=0, index=44): <Trial 44 (44 in rep 0) data={'imageFile': 'same/074_C2_DV.jpg', 'corrAns': 'left', 'sameOrDiff': 'same', 'ori': 180, 'thisN': 44, 'thisTrialN': 44, 'thisRepN': 0}>
22.6902 	DATA 	Keypress: right
22.6981 	INFO 	Keyboard events cleared
22.6977 	EXP 	same_text: autoDraw = False
22.6977 	EXP 	different_text: autoDraw = False
22.6977 	EXP 	image: autoDraw = False
22.6977 	EXP 	polygon: autoDraw = False
22.6977 	EXP 	image: image = 'same/074_C2_DV.jpg'
22.6977 	EXP 	same_text: autoDraw = True
22.6977 	EXP 	different_text: autoDraw = True
22.6977 	EXP 	image: autoDraw = True
22.6977 	EXP 	polygon: autoDraw = True
22.8298 	EXP 	New trial (rep=0, index=45): <Trial 45 (45 in rep 0) data={'imageFile': 'same/075_DV_C2.jpg', 'corrAns': 'left', 'sameOrDiff': 'same', 'ori': 180, 'thisN': 45, 'thisTrialN': 45, 'thisRepN': 0}>
22.8403 	DATA 	Keypress: right
22.8483 	INFO 	Keyboard events cleared
22.8480 	EXP 	same_text: autoDraw = False
22.8480 	EXP 	different_text: autoDraw = False
22.8480 	EXP 	image: autoDraw = False
22.8480 	EXP 	polygon: autoDraw = False
22.8480 	EXP 	image: image = 'same/075_DV_C2.jpg'
22.8480 	EXP 	same_text: autoDraw = True
22.8480 	EXP 	different_text: autoDraw = True
22.8480 	EXP 	image: autoDraw = True
22.8480 	EXP 	polygon: autoDraw = True
22.9967 	EXP 	New trial (rep=0, index=46): <Trial 46 (46 in rep 0) data={'imageFile': 'same/081_C2_DV.jpg', 'corrAns': 'left', 'sameOrDiff': 'same', 'ori': 180, 'thisN': 46, 'thisTrialN': 46, 'thisRepN': 0}>
23.0070 	DATA 	Keypress: right
23.0145 	INFO 	Keyboard events cleared
23.0141 	EXP 	same_text: autoDraw = False
23.0141 	EXP 	different_text: autoDraw = False
23.0141 	EXP 	image: autoDraw = False
23.0141 	EXP 	polygon: autoDraw = False
23.0141 	EXP 	image: image = 'same/081_C2_DV.jpg'
23.0141 	EXP 	same_text: autoDraw = True
23.0141 	EXP 	different_text: autoDraw = True
23.0141 	EXP 	image: autoDraw = True
23.0141 	EXP 	polygon: autoDraw = True
23.4628 	EXP 	New trial (rep=0, index=47): <Trial 47 (47 in rep 0) data={'imageFile': 'same/085_C2_DV.jpg', 'corrAns': 'left', 'sameOrDiff': 'same', 'ori': 180, 'thisN': 47, 'thisTrialN': 47, 'thisRepN': 0}>
23.4718 	DATA 	Keypress: right
23.4814 	INFO 	Keyboard events cleared
23.4811 	EXP 	same_text: autoDraw = False
23.4811 	EXP 	different_text: autoDraw = False
23.4811 	EXP 	image: autoDraw = False
23.4811 	EXP 	polygon: autoDraw = False
23.4811 	EXP 	image: image = 'same/085_C2_DV.jpg'
23.4811 	EXP 	same_text: autoDraw = True
23.4811 	EXP 	different_text: autoDraw = True
23.4811 	EXP 	image: autoDraw = True
23.4811 	EXP 	polygon: autoDraw = True
23.5799 	EXP 	New trial (rep=0, index=48): <Trial 48 (48 in rep 0) data={'imageFile': 'same/092_C2_DV.jpg', 'corrAns': 'left', 'sameOrDiff': 'same', 'ori': 180, 'thisN': 48, 'thisTrialN': 48, 'thisRepN': 0}>
23.5908 	DATA 	Keypress: right
23.5978 	INFO 	Keyboard events cleared
23.5974 	EXP 	same_text: autoDraw = False
23.5974 	EXP 	different_text: autoDraw = False
23.5974 	EXP 	image: autoDraw = False
23.5974 	EXP 	polygon: autoDraw = False
23.5974 	EXP 	image: image = 'same/092_C2_DV.jpg'
23.5974 	EXP 	same_text: autoDraw = True
23.5974 	EXP 	different_text: autoDraw = True
23.5974 	EXP 	image: autoDraw = True
23.5974 	EXP 	polygon: autoDraw = True
23.7464 	EXP 	New trial (rep=0, index=49): <Trial 49 (49 in rep 0) data={'imageFile': 'same/102_C2_DV.jpg', 'corrAns': 'left', 'sameOrDiff': 'same', 'ori': 180, 'thisN': 49, 'thisTrialN': 49, 'thisRepN': 0}>
23.7572 	DATA 	Keypress: right
23.7645 	INFO 	Keyboard events cleared
23.7641 	EXP 	same_text: autoDraw = False
23.7641 	EXP 	different_text: autoDraw = False
23.7641 	EXP 	image: autoDraw = False
23.7641 	EXP 	polygon: autoDraw = False
23.7641 	EXP 	image: image = 'same/102_C2_DV.jpg'
23.7641 	EXP 	same_text: autoDraw = True
23.7641 	EXP 	different_text: autoDraw = True
23.7641 	EXP 	image: autoDraw = True
23.7641 	EXP 	polygon: autoDraw = True
23.8796 	EXP 	New trial (rep=0, index=50): <Trial 50 (50 in rep 0) data={'imageFile': 'same/108_DV_C2.jpg', 'corrAns': 'left', 'sameOrDiff': 'same', 'ori': 180, 'thisN': 50, 'thisTrialN': 50, 'thisRepN': 0}>
23.8900 	DATA 	Keypress: right
23.8981 	INFO 	Keyboard events cleared
23.8977 	EXP 	same_text: autoDraw = False
23.8977 	EXP 	different_text: autoDraw = False
23.8977 	EXP 	image: autoDraw = False
23.8977 	EXP 	polygon: autoDraw = False
23.8977 	EXP 	image: image = 'same/108_DV_C2.jpg'
23.8977 	EXP 	same_text: autoDraw = True
23.8977 	EXP 	different_text: autoDraw = True
23.8977 	EXP 	image: autoDraw = True
23.8977 	EXP 	polygon: autoDraw = True
24.1296 	EXP 	New trial (rep=0, index=51): <Trial 51 (51 in rep 0) data={'imageFile': 'same/115_C2_DV.jpg', 'corrAns': 'left', 'sameOrDiff': 'same', 'ori': 180, 'thisN': 51, 'thisTrialN': 51, 'thisRepN': 0}>
24.1402 	DATA 	Keypress: right
24.1481 	INFO 	Keyboard events cleared
24.1478 	EXP 	same_text: autoDraw = False
24.1478 	EXP 	different_text: autoDraw = False
24.1478 	EXP 	image: autoDraw = False
24.1478 	EXP 	polygon: autoDraw = False
24.1478 	EXP 	image: image = 'same/115_C2_DV.jpg'
24.1478 	EXP 	same_text: autoDraw = True
24.1478 	EXP 	different_text: autoDraw = True
24.1478 	EXP 	image: autoDraw = True
24.1478 	EXP 	polygon: autoDraw = True
24.2963 	EXP 	New trial (rep=0, index=52): <Trial 52 (52 in rep 0) data={'imageFile': 'same/120_DV_C2.jpg', 'corrAns': 'left', 'sameOrDiff': 'same', 'ori': 180, 'thisN': 52, 'thisTrialN': 52, 'thisRepN': 0}>
24.3072 	DATA 	Keypress: right
24.3148 	INFO 	Keyboard events cleared
24.3144 	EXP 	same_text: autoDraw = False
24.3144 	EXP 	different_text: autoDraw = False
24.3144 	EXP 	image: autoDraw = False
24.3144 	EXP 	polygon: autoDraw = False
24.3144 	EXP 	image: image = 'same/120_DV_C2.jpg'
24.3144 	EXP 	same_text: autoDraw = True
24.3144 	EXP 	different_text: autoDraw = True
24.3144 	EXP 	image: autoDraw = True
24.3144 	EXP 	polygon: autoDraw = True
24.4461 	EXP 	New trial (rep=0, index=53): <Trial 53 (53 in rep 0) data={'imageFile': 'same/129_C2_DV.jpg', 'corrAns': 'left', 'sameOrDiff': 'same', 'ori': 180, 'thisN': 53, 'thisTrialN': 53, 'thisRepN': 0}>
24.4565 	DATA 	Keypress: right
24.4646 	INFO 	Keyboard events cleared
24.4642 	EXP 	same_text: autoDraw = False
24.4642 	EXP 	different_text: autoDraw = False
24.4642 	EXP 	image: autoDraw = False
24.4642 	EXP 	polygon: autoDraw = False
24.4642 	EXP 	image: image = 'same/129_C2_DV.jpg'
24.4642 	EXP 	same_text: autoDraw = True
24.4642 	EXP 	different_text: autoDraw = True
24.4642 	EXP 	image: autoDraw = True
24.4642 	EXP 	polygon: autoDraw = True
24.6129 	EXP 	New trial (rep=0, index=54): <Trial 54 (54 in rep 0) data={'imageFile': 'same/136_C2_DV.jpg', 'corrAns': 'left', 'sameOrDiff': 'same', 'ori': 180, 'thisN': 54, 'thisTrialN': 54, 'thisRepN': 0}>
24.6234 	DATA 	Keypress: right
24.6311 	INFO 	Keyboard events cleared
24.6308 	EXP 	same_text: autoDraw = False
24.6308 	EXP 	different_text: autoDraw = False
24.6308 	EXP 	image: autoDraw = False
24.6308 	EXP 	polygon: autoDraw = False
24.6308 	EXP 	image: image = 'same/136_C2_DV.jpg'
24.6308 	EXP 	same_text: autoDraw = True
24.6308 	EXP 	different_text: autoDraw = True
24.6308 	EXP 	image: autoDraw = True
24.6308 	EXP 	polygon: autoDraw = True
28.2799 	DATA 	Keypress: escape
28.4123 	EXP 	glasgowFaceRecognition-Yagmur: status = STOPPED
28.4270 	EXP 	same_text: autoDraw = False
28.4270 	EXP 	different_text: autoDraw = False
28.4270 	EXP 	image: autoDraw = False
28.4270 	EXP 	polygon: autoDraw = False
28.4271 	EXP 	glasgowFaceRecognition-Yagmur: status = STOPPED
28.5219 	INFO 	saved data to 'C:\\Users\\duruk\\Desktop\\Odev\\StroopOdev\\glasgowFaceRecognition\\glasgowFaceRecognition-Yagmur\\data/706609___glasgowFaceRecognition-Yagmur_2024-12-26_23h01.08.359.csv'
28.5231 	INFO 	saved data to C:\Users\duruk\Desktop\Odev\StroopOdev\glasgowFaceRecognition\glasgowFaceRecognition-Yagmur\data/706609___glasgowFaceRecognition-Yagmur_2024-12-26_23h01.08.359.psydat
