8.7794 	INFO 	Loaded monitor calibration from ['2024_12_12 23:48']
9.6766 	EXP 	Created window1 = Window(allowGUI=False, allowStencil=False, autoLog=True, backendConf=UNKNOWN, backgroundFit=<method-wrapper '__getattribute__' of attributeSetter object at 0x000001F2260DD850>, backgroundImage=<method-wrapper '__getattribute__' of attributeSetter object at 0x000001F2260DD7F0>, bitsMode=UNKNOWN, blendMode='avg', bpc=(8, 8, 8), color=array([0, 0, 0]), colorSpace='rgb', depthBits=8, fullscr=True, gamma=None, gammaErrorPolicy='raise', infoMsg=UNKNOWN, lms=UNKNOWN, monitor=<psychopy.monitors.calibTools.Monitor object at 0x000001F22622BEE0>, multiSample=False, name='window1', numSamples=2, pos=[0.0, 0.0], screen=0, size=array([1920, 1080]), stencilBits=0, stereo=False, title='PsychoPy', units='norm', useFBO=True, useRetina=False, viewOri=0.0, viewPos=None, viewScale=None, waitBlanking=True, winType='pyglet')
9.6766 	EXP 	window1: backgroundImage = ''
9.6767 	EXP 	window1: backgroundFit = 'none'
9.7879 	EXP 	window1: Attempting to measure frame rate of screen (0) ...
9.7879 	EXP 	window1: recordFrameIntervals = False
9.9617 	EXP 	window1: recordFrameIntervals = True
10.1454 	EXP 	Screen (0) actual frame rate measured at 60.00Hz
10.1454 	EXP 	window1: recordFrameIntervals = False
12.4916 	INFO 	keyboard.Keyboard is using iohub backend.
12.4916 	INFO 	keyboard.Keyboard is using iohub backend.
12.4917 	INFO 	keyboard.Keyboard is using iohub backend.
12.4917 	EXP 	glasgowFaceRecognition-Yagmur: status = STARTED
12.5656 	EXP 	Created text = TextStim(__class__=<class 'psychopy.visual.text.TextStim'>, alignHoriz=method-wrapper(...), alignText='center', alignVert=method-wrapper(...), anchorHoriz='center', anchorVert='center', antialias=True, autoDraw=False, autoLog=True, bold=False, color=array([1., 1., 1.]), colorSpace='rgb', contrast=1.0, depth=0.0, draggable=False, flipHoriz=False, flipVert=False, font='Arial', fontFiles=[], height=0.05, italic=False, languageStyle='LTR', name='text', opacity=1, ori=0.0, pos=array([0., 0.]), rgb=UNKNOWN, text=str(...), units='norm', win=Window(...), wrapWidth=1)
12.5703 	EXP 	Created same_text = TextStim(__class__=<class 'psychopy.visual.text.TextStim'>, alignHoriz=method-wrapper(...), alignText='center', alignVert=method-wrapper(...), anchorHoriz='center', anchorVert='center', antialias=True, autoDraw=False, autoLog=True, bold=False, color=array([1., 1., 1.]), colorSpace='rgb', contrast=1.0, depth=0.0, draggable=False, flipHoriz=False, flipVert=False, font='Arial', fontFiles=[], height=0.1, italic=False, languageStyle='LTR', name='same_text', opacity=1, ori=0.0, pos=array([-0.35, -0.8 ]), rgb=UNKNOWN, text='SAME', units='norm', win=Window(...), wrapWidth=1)
12.5751 	EXP 	Created different_text = TextStim(__class__=<class 'psychopy.visual.text.TextStim'>, alignHoriz=method-wrapper(...), alignText='center', alignVert=method-wrapper(...), anchorHoriz='center', anchorVert='center', antialias=True, autoDraw=False, autoLog=True, bold=False, color=array([1., 1., 1.]), colorSpace='rgb', contrast=1.0, depth=-1.0, draggable=False, flipHoriz=False, flipVert=False, font='Arial', fontFiles=[], height=0.1, italic=False, languageStyle='LTR', name='different_text', opacity=1, ori=0.0, pos=array([ 0.42, -0.8 ]), rgb=UNKNOWN, text='DIFFERENT', units='norm', win=Window(...), wrapWidth=1)
12.5788 	EXP 	Created image = ImageStim(__class__=<class 'psychopy.visual.image.ImageStim'>, anchor=('center', 'center'), autoLog=True, color=array([1., 1., 1.]), colorSpace='rgb', contrast=1.0, depth=-2.0, draggable=False, flipHoriz=False, flipVert=False, image='default.png', interpolate=True, mask=None, maskParams=None, name='image', opacity=1, ori=0.0, pos=array([0., 0.]), size=array([0.7, 0.7]), texRes=128.0, units='norm', win=Window(...))
12.5822 	EXP 	Created arrow_left = ShapeStim(__class__=<class 'psychopy.visual.shape.ShapeStim'>, anchor=('center', 'center'), autoDraw=False, autoLog=True, closeShape=True, color=method-wrapper(...), colorSpace='rgb', contrast=None, depth=-4.0, draggable=False, fillColor=array([1, 1, 1]), fillColorSpace='rgb', fillRGB=array([1, 1, 1]), interpolate=True, lineColor=array([1., 1., 1.]), lineColorSpace='rgb', lineRGB=array([1, 1, 1]), lineWidth=1.0, name='arrow_left', opacity=1, ori=270.0, pos=array([-0.2, -0.8]), size=array([0.1, 0.1]), units='norm', vertices=ndarray(...), win=Window(...), windingRule=None)
12.5839 	EXP 	Created arrow_right = ShapeStim(__class__=<class 'psychopy.visual.shape.ShapeStim'>, anchor=('center', 'center'), autoDraw=False, autoLog=True, closeShape=True, color=method-wrapper(...), colorSpace='rgb', contrast=None, depth=-5.0, draggable=False, fillColor=array([1, 1, 1]), fillColorSpace='rgb', fillRGB=array([1, 1, 1]), interpolate=True, lineColor=array([1., 1., 1.]), lineColorSpace='rgb', lineRGB=array([1, 1, 1]), lineWidth=1.0, name='arrow_right', opacity=1, ori=90.0, pos=array([ 0.2, -0.8]), size=array([0.1, 0.1]), units='norm', vertices=ndarray(...), win=Window(...), windingRule=None)
12.5848 	EXP 	Created textCorr = TextStim(__class__=<class 'psychopy.visual.text.TextStim'>, alignHoriz=method-wrapper(...), alignText='center', alignVert=method-wrapper(...), anchorHoriz='center', anchorVert='center', antialias=True, autoDraw=False, autoLog=True, bold=False, color=array([1., 1., 1.]), colorSpace='rgb', contrast=1.0, depth=-1.0, draggable=False, flipHoriz=False, flipVert=False, font='Arial', fontFiles=[], height=0.05, italic=False, languageStyle='LTR', name='textCorr', opacity=1, ori=0.0, pos=array([ 0. , -0.5]), rgb=UNKNOWN, text='', units='norm', win=Window(...), wrapWidth=1)
12.5916 	EXP 	Created thank_you_message = TextStim(__class__=<class 'psychopy.visual.text.TextStim'>, alignHoriz=method-wrapper(...), alignText='center', alignVert=method-wrapper(...), anchorHoriz='center', anchorVert='center', antialias=True, autoDraw=False, autoLog=True, bold=False, color=array([1., 1., 1.]), colorSpace='rgb', contrast=1.0, depth=0.0, draggable=False, flipHoriz=False, flipVert=False, font='Arial', fontFiles=[], height=0.05, italic=False, languageStyle='LTR', name='thank_you_message', opacity=1, ori=0.0, pos=array([0., 0.]), rgb=UNKNOWN, text=str(...), units='norm', win=Window(...), wrapWidth=1)
0.0045 	INFO 	Keyboard events cleared
0.0043 	EXP 	text: autoDraw = True
1.8096 	EXP 	Imported conditions.xlsx as conditions, 80 conditions, 4 params
1.8105 	EXP 	New trial (rep=0, index=0): <Trial 0 (0 in rep 0) data={'imageFile': 'same/020_C2_DV.jpg', 'corrAns': 'left', 'sameOrDiff': 'same', 'ori': 0, 'thisN': 0, 'thisTrialN': 0, 'thisRepN': 0}>
1.8629 	DATA 	Keypress: space
1.8701 	INFO 	Keyboard events cleared
1.8698 	EXP 	text: autoDraw = False
1.8698 	EXP 	image: image = 'same/020_C2_DV.jpg'
1.8698 	EXP 	same_text: autoDraw = True
1.8698 	EXP 	different_text: autoDraw = True
1.8698 	EXP 	image: autoDraw = True
1.8698 	EXP 	arrow_left: autoDraw = True
1.8698 	EXP 	arrow_right: autoDraw = True
2.9511 	INFO 	saved data to C:\Users\duruk\Desktop\Odev\StroopOdev\glasgowFaceRecognition\glasgowFaceRecognition-Yagmur\data/825465___glasgowFaceRecognition-Yagmur_2024-12-26_23h35.47.467.psydat
2.9518 	INFO 	saved data to 'C:\\Users\\duruk\\Desktop\\Odev\\StroopOdev\\glasgowFaceRecognition\\glasgowFaceRecognition-Yagmur\\data/825465___glasgowFaceRecognition-Yagmur_2024-12-26_23h35.47.467.csv'
